<?xml version="1.0" encoding="UTF-8"?>
<testng-results skipped="0" failed="0" ignored="0" total="1" passed="1">
  <reporter-output>
  </reporter-output>
  <suite name="Suite" duration-ms="30198" started-at="2020-02-17T18:05:11Z" finished-at="2020-02-17T18:05:41Z">
    <groups>
    </groups>
    <test name="Test" duration-ms="30198" started-at="2020-02-17T18:05:11Z" finished-at="2020-02-17T18:05:41Z">
      <class name="com.teamtracker.qa.testcases.Assign_Task_To_Mobile">
        <test-method status="PASS" signature="setup(java.lang.String)[pri:0, instance:com.teamtracker.qa.testcases.Assign_Task_To_Mobile@239963d8]" name="setup" is-config="true" duration-ms="9890" started-at="2020-02-17T18:05:11Z" finished-at="2020-02-17T18:05:21Z">
          <params>
            <param index="0">
              <value>
                <![CDATA[chrome]]>
              </value>
            </param>
          </params>
          <reporter-output>
          </reporter-output>
        </test-method> <!-- setup -->
        <test-method status="PASS" signature="Verify_team_member_able_to_do_Activity_on_task(java.lang.String, java.lang.String, java.lang.String, java.lang.String, java.lang.String)[pri:0, instance:com.teamtracker.qa.testcases.Assign_Task_To_Mobile@239963d8]" name="Verify_team_member_able_to_do_Activity_on_task" duration-ms="18995" started-at="2020-02-17T18:05:22Z" data-provider="Data" finished-at="2020-02-17T18:05:41Z">
          <params>
            <param index="0">
              <value>
                <![CDATA[Test85441]]>
              </value>
            </param>
            <param index="1">
              <value>
                <![CDATA[Test85441]]>
              </value>
            </param>
            <param index="2">
              <value>
                <![CDATA[LocationGuru Solutions Pvt. Ltd., Harihar Nagar, Besa, Nagpur, Maharashtra]]>
              </value>
            </param>
            <param index="3">
              <value>
                <![CDATA[21.084333]]>
              </value>
            </param>
            <param index="4">
              <value>
                <![CDATA[79.084476]]>
              </value>
            </param>
          </params>
          <reporter-output>
          </reporter-output>
        </test-method> <!-- Verify_team_member_able_to_do_Activity_on_task -->
      </class> <!-- com.teamtracker.qa.testcases.Assign_Task_To_Mobile -->
    </test> <!-- Test -->
  </suite> <!-- Suite -->
</testng-results>
